<?xml version="1.0" encoding="UTF-8"?>
<testng-results ignored="0" total="1" passed="1" failed="0" skipped="0">
  <reporter-output>
  </reporter-output>
  <suite started-at="2024-03-03T03:18:21 TRT" name="Default suite" finished-at="2024-03-03T03:18:23 TRT" duration-ms="1199">
    <groups>
    </groups>
    <test started-at="2024-03-03T03:18:21 TRT" name="Default test" finished-at="2024-03-03T03:18:23 TRT" duration-ms="1199">
      <class name="MyTestCase">
        <test-method is-config="true" signature="MySetUp()[pri:0, instance:MyTestCase@5049d8b2]" started-at="2024-03-03T03:18:21 TRT" name="MySetUp" finished-at="2024-03-03T03:18:22 TRT" duration-ms="890" status="PASS">
          <reporter-output>
          </reporter-output>
        </test-method> <!-- MySetUp -->
        <test-method signature="Login()[pri:0, instance:MyTestCase@5049d8b2]" started-at="2024-03-03T03:18:22 TRT" name="Login" finished-at="2024-03-03T03:18:23 TRT" duration-ms="279" status="PASS">
          <reporter-output>
          </reporter-output>
        </test-method> <!-- Login -->
      </class> <!-- MyTestCase -->
    </test> <!-- Default test -->
  </suite> <!-- Default suite -->
</testng-results>
